<?xml version="1.0" encoding="UTF-8"?>
<!-- Generated by org.testng.reporters.JUnitReportReporter -->
<testsuite hostname="hp" name="Groups.dependsonmethod_Groups" tests="3" failures="0" timestamp="15 Apr 2020 16:53:44 GMT" time="0.055" errors="0">
  <testcase name="test3" time="0.046" classname="Groups.dependsonmethod_Groups"/>
  <testcase name="test1" time="0.004" classname="Groups.dependsonmethod_Groups"/>
  <testcase name="test2" time="0.005" classname="Groups.dependsonmethod_Groups"/>
</testsuite> <!-- Groups.dependsonmethod_Groups -->
