<?xml version="1.0" encoding="UTF-8"?>
<!-- Generated by org.testng.reporters.JUnitReportReporter -->
<testsuite hostname="hp" name="ScreenRecorder_using_monte_API.Tesctcase1" tests="1" failures="0" timestamp="17 Apr 2020 04:51:14 GMT" time="55.915" errors="0">
  <testcase name="Login_01" time="55.915" classname="ScreenRecorder_using_monte_API.Tesctcase1"/>
</testsuite> <!-- ScreenRecorder_using_monte_API.Tesctcase1 -->
