<?xml version="1.0" encoding="UTF-8"?>
<!-- Generated by org.testng.reporters.JUnitReportReporter -->
<testsuite hostname="hp" name="Base.TestNG_failedTestcases" tests="3" failures="0" timestamp="16 Apr 2020 06:19:03 GMT" time="0.050" errors="0">
  <testcase name="test3" time="0.005" classname="Base.TestNG_failedTestcases"/>
  <testcase name="test1" time="0.040" classname="Base.TestNG_failedTestcases"/>
  <testcase name="test2" time="0.005" classname="Base.TestNG_failedTestcases"/>
</testsuite> <!-- Base.TestNG_failedTestcases -->
