<?xml version="1.0" encoding="UTF-8"?>
<!-- Generated by org.testng.reporters.JUnitReportReporter -->
<testsuite hostname="hp" name="Groups.Parameters_demo" tests="1" failures="0" timestamp="15 Apr 2020 16:36:22 GMT" time="4.426" errors="0">
  <testcase name="test" time="4.426" classname="Groups.Parameters_demo"/>
</testsuite> <!-- Groups.Parameters_demo -->
