<?xml version="1.0" encoding="UTF-8"?>
<!-- Generated by org.testng.reporters.JUnitReportReporter -->
<testsuite skipped="0" hostname="hp" name="Priority_and_NonPriority.Demo" tests="5" failures="0" timestamp="14 Apr 2020 08:04:40 GMT" time="0.057" errors="0">
  <testcase name="b" time="0.038" classname="Priority_and_NonPriority.Demo"/>
  <testcase name="e" time="0.003" classname="Priority_and_NonPriority.Demo"/>
  <testcase name="d" time="0.008" classname="Priority_and_NonPriority.Demo"/>
  <testcase name="a" time="0.003" classname="Priority_and_NonPriority.Demo"/>
  <testcase name="c" time="0.005" classname="Priority_and_NonPriority.Demo"/>
</testsuite> <!-- Priority_and_NonPriority.Demo -->
