<?xml version="1.0" encoding="UTF-8"?>
<!-- Generated by org.testng.reporters.JUnitReportReporter -->
<testsuite skipped="0" hostname="hp" name="Config.demo2" tests="1" failures="0" timestamp="09 Apr 2020 04:53:20 GMT" time="0.011" errors="0">
  <testcase name="test" time="0.011" classname="Config.demo2"/>
</testsuite> <!-- Config.demo2 -->
