<?xml version="1.0" encoding="UTF-8"?>
<!-- Generated by org.testng.reporters.JUnitReportReporter -->
<testsuite skipped="0" hostname="hp" name="Base.Testcase" tests="1" failures="0" timestamp="08 Apr 2020 13:59:37 GMT" time="156.817" errors="0">
  <testcase name="run" time="156.817" classname="Base.Testcase"/>
</testsuite> <!-- Base.Testcase -->
