<?xml version="1.0" encoding="UTF-8"?>
<!-- Generated by org.testng.reporters.JUnitReportReporter -->
<testsuite hostname="hp" name="Implicit_and_Explicit_wait.ImplicitWait_1" tests="1" failures="0" timestamp="16 Apr 2020 16:55:44 GMT" time="147.524" errors="0">
  <testcase name="test" time="147.524" classname="Implicit_and_Explicit_wait.ImplicitWait_1"/>
</testsuite> <!-- Implicit_and_Explicit_wait.ImplicitWait_1 -->
