<?xml version="1.0" encoding="UTF-8"?>
<!-- Generated by org.testng.reporters.JUnitReportReporter -->
<testsuite hostname="hp" name="Groups.Demo_groups" tests="2" failures="0" timestamp="15 Apr 2020 14:57:33 GMT" time="0.048" errors="0">
  <testcase name="test4" time="0.045" classname="Groups.Demo_groups"/>
  <testcase name="test5" time="0.003" classname="Groups.Demo_groups"/>
</testsuite> <!-- Groups.Demo_groups -->
